<?xml version="1.0" encoding="UTF-8"?>
<testng-results ignored="0" total="1" passed="1" failed="0" skipped="0">
  <reporter-output>
  </reporter-output>
  <suite started-at="2020-04-27T18:29:04Z" name="Default suite" finished-at="2020-04-27T18:29:05Z" duration-ms="927">
    <groups>
      <group name="cucumber">
        <method signature="AbstractTestNGCucumberTests.feature(cucumber.api.testng.CucumberFeatureWrapper)[pri:0, instance:runner.TestRunner@a1cdc6d]" name="feature" class="cucumber.api.testng.AbstractTestNGCucumberTests"/>
      </group> <!-- cucumber -->
    </groups>
    <test started-at="2020-04-27T18:29:04Z" name="Default test" finished-at="2020-04-27T18:29:05Z" duration-ms="927">
      <class name="runner.TestRunner">
        <test-method is-config="true" signature="setUpClass()[pri:0, instance:runner.TestRunner@a1cdc6d]" started-at="2020-04-27T23:59:04Z" name="setUpClass" finished-at="2020-04-27T23:59:04Z" duration-ms="204" status="PASS">
          <reporter-output>
          </reporter-output>
        </test-method> <!-- setUpClass -->
        <test-method signature="feature(cucumber.api.testng.CucumberFeatureWrapper)[pri:0, instance:runner.TestRunner@a1cdc6d]" started-at="2020-04-27T23:59:04Z" name="feature" description="Runs Cucumber Feature" data-provider="features" finished-at="2020-04-27T23:59:05Z" duration-ms="351" status="PASS">
          <params>
            <param index="0">
              <value>
                <![CDATA[Login Action]]>
              </value>
            </param>
          </params>
          <reporter-output>
          </reporter-output>
        </test-method> <!-- feature -->
        <test-method is-config="true" signature="tearDownClass()[pri:0, instance:runner.TestRunner@a1cdc6d]" started-at="2020-04-27T23:59:05Z" name="tearDownClass" finished-at="2020-04-27T23:59:05Z" duration-ms="291" status="PASS">
          <reporter-output>
          </reporter-output>
        </test-method> <!-- tearDownClass -->
      </class> <!-- runner.TestRunner -->
    </test> <!-- Default test -->
  </suite> <!-- Default suite -->
</testng-results>
