<?xml version="1.0" encoding="UTF-8"?>
<!-- Generated by org.testng.reporters.JUnitXMLReporter -->
<testsuite hostname="ajsuper47-Vostro-3546" ignored="0" tests="10" failures="0" timestamp="02 Dec 2019 04:58:51 GMT" time="15.243" errors="0">
  <testcase name="post_registration_all_fields_empty" time="4.581" classname="RegistrationTest"/>
  <testcase name="post_registration_alreadyUsed_EmailID" time="0.636" classname="RegistrationTest"/>
  <testcase name="post_registration_alreadyUsed_UserName" time="0.628" classname="RegistrationTest"/>
  <testcase name="post_registration_empty_Email" time="0.607" classname="RegistrationTest"/>
  <testcase name="post_registration_empty_password" time="0.613" classname="RegistrationTest"/>
  <testcase name="post_registration_empty_userName" time="0.612" classname="RegistrationTest"/>
  <testcase name="post_registration_invalid_emailID" time="0.586" classname="RegistrationTest"/>
  <testcase name="post_registration_invalid_password" time="1.2" classname="RegistrationTest"/>
  <testcase name="post_registration_invalid_userName" time="0.593" classname="RegistrationTest"/>
  <testcase name="post_registration_valid_credentials" time="1.395" classname="RegistrationTest"/>
</testsuite>
